<?xml version="1.0" encoding="UTF-8"?>
<testsuites>
  <testsuite name="" tests="49" assertions="338" errors="0" warnings="0" failures="0" skipped="0" time="32.965473">
    <testsuite name="Tests" tests="49" assertions="338" errors="0" warnings="0" failures="0" skipped="0" time="32.965473">
      <testsuite name="App\Tests\Integration\JsonApi\Admin\CharactersControllerTest" file="/var/www/tests/Integration/JsonApi/Admin/CharactersControllerTest.php" tests="7" assertions="40" errors="0" warnings="0" failures="0" skipped="0" time="3.334981">
        <testcase name="testIndexForFailure" class="App\Tests\Integration\JsonApi\Admin\CharactersControllerTest" classname="App.Tests.Integration.JsonApi.Admin.CharactersControllerTest" file="/var/www/tests/Integration/JsonApi/Admin/CharactersControllerTest.php" line="33" assertions="1" time="2.879358"/>
        <testcase name="testShowForFailure" class="App\Tests\Integration\JsonApi\Admin\CharactersControllerTest" classname="App.Tests.Integration.JsonApi.Admin.CharactersControllerTest" file="/var/www/tests/Integration/JsonApi/Admin/CharactersControllerTest.php" line="41" assertions="1" time="0.033795"/>
        <testcase name="testStoreForFailure" class="App\Tests\Integration\JsonApi\Admin\CharactersControllerTest" classname="App.Tests.Integration.JsonApi.Admin.CharactersControllerTest" file="/var/www/tests/Integration/JsonApi/Admin/CharactersControllerTest.php" line="49" assertions="1" time="0.033718"/>
        <testcase name="testUpdateForFailure" class="App\Tests\Integration\JsonApi\Admin\CharactersControllerTest" classname="App.Tests.Integration.JsonApi.Admin.CharactersControllerTest" file="/var/www/tests/Integration/JsonApi/Admin/CharactersControllerTest.php" line="57" assertions="24" time="0.170024"/>
        <testcase name="testUpdateForSuccessForActionPromote" class="App\Tests\Integration\JsonApi\Admin\CharactersControllerTest" classname="App.Tests.Integration.JsonApi.Admin.CharactersControllerTest" file="/var/www/tests/Integration/JsonApi/Admin/CharactersControllerTest.php" line="138" assertions="6" time="0.096508"/>
        <testcase name="testUpdateForSuccessForActionDemote" class="App\Tests\Integration\JsonApi\Admin\CharactersControllerTest" classname="App.Tests.Integration.JsonApi.Admin.CharactersControllerTest" file="/var/www/tests/Integration/JsonApi/Admin/CharactersControllerTest.php" line="160" assertions="6" time="0.089062"/>
        <testcase name="testDestroyForFailure" class="App\Tests\Integration\JsonApi\Admin\CharactersControllerTest" classname="App.Tests.Integration.JsonApi.Admin.CharactersControllerTest" file="/var/www/tests/Integration/JsonApi/Admin/CharactersControllerTest.php" line="182" assertions="1" time="0.032515"/>
      </testsuite>
      <testsuite name="App\Tests\Integration\JsonApi\AttendanceControllerTest" file="/var/www/tests/Integration/JsonApi/AttendanceControllerTest.php" tests="2" assertions="28" errors="0" warnings="0" failures="0" skipped="0" time="0.187900">
        <testcase name="testIndexForFailure" class="App\Tests\Integration\JsonApi\AttendanceControllerTest" classname="App.Tests.Integration.JsonApi.AttendanceControllerTest" file="/var/www/tests/Integration/JsonApi/AttendanceControllerTest.php" line="27" assertions="3" time="0.057867"/>
        <testcase name="testIndexForSuccess" class="App\Tests\Integration\JsonApi\AttendanceControllerTest" classname="App.Tests.Integration.JsonApi.AttendanceControllerTest" file="/var/www/tests/Integration/JsonApi/AttendanceControllerTest.php" line="41" assertions="25" time="0.130032"/>
      </testsuite>
      <testsuite name="App\Tests\Integration\JsonApi\Auth\DpsParsesControllerTest" file="/var/www/tests/Integration/JsonApi/Auth/DpsParsesControllerTest.php" tests="4" assertions="31" errors="0" warnings="0" failures="0" skipped="0" time="3.916538">
        <testcase name="testStoreForFailure" class="App\Tests\Integration\JsonApi\Auth\DpsParsesControllerTest" classname="App.Tests.Integration.JsonApi.Auth.DpsParsesControllerTest" file="/var/www/tests/Integration/JsonApi/Auth/DpsParsesControllerTest.php" line="31" assertions="19" time="3.378619"/>
        <testcase name="testStoreForSuccess" class="App\Tests\Integration\JsonApi\Auth\DpsParsesControllerTest" classname="App.Tests.Integration.JsonApi.Auth.DpsParsesControllerTest" file="/var/www/tests/Integration/JsonApi/Auth/DpsParsesControllerTest.php" line="82" assertions="6" time="0.426274"/>
        <testcase name="testDestroyForFailure" class="App\Tests\Integration\JsonApi\Auth\DpsParsesControllerTest" classname="App.Tests.Integration.JsonApi.Auth.DpsParsesControllerTest" file="/var/www/tests/Integration/JsonApi/Auth/DpsParsesControllerTest.php" line="126" assertions="3" time="0.067160"/>
        <testcase name="testDestroyForSuccess" class="App\Tests\Integration\JsonApi\Auth\DpsParsesControllerTest" classname="App.Tests.Integration.JsonApi.Auth.DpsParsesControllerTest" file="/var/www/tests/Integration/JsonApi/Auth/DpsParsesControllerTest.php" line="164" assertions="3" time="0.044486"/>
      </testsuite>
      <testsuite name="App\Tests\Integration\JsonApi\ContentControllerTest" file="/var/www/tests/Integration/JsonApi/ContentControllerTest.php" tests="5" assertions="9" errors="0" warnings="0" failures="0" skipped="0" time="0.303631">
        <testcase name="testIndexForSuccess" class="App\Tests\Integration\JsonApi\ContentControllerTest" classname="App.Tests.Integration.JsonApi.ContentControllerTest" file="/var/www/tests/Integration/JsonApi/ContentControllerTest.php" line="24" assertions="5" time="0.161014"/>
        <testcase name="testShowForFailure" class="App\Tests\Integration\JsonApi\ContentControllerTest" classname="App.Tests.Integration.JsonApi.ContentControllerTest" file="/var/www/tests/Integration/JsonApi/ContentControllerTest.php" line="39" assertions="1" time="0.033592"/>
        <testcase name="testStoreForFailure" class="App\Tests\Integration\JsonApi\ContentControllerTest" classname="App.Tests.Integration.JsonApi.ContentControllerTest" file="/var/www/tests/Integration/JsonApi/ContentControllerTest.php" line="47" assertions="1" time="0.031996"/>
        <testcase name="testUpdateForFailure" class="App\Tests\Integration\JsonApi\ContentControllerTest" classname="App.Tests.Integration.JsonApi.ContentControllerTest" file="/var/www/tests/Integration/JsonApi/ContentControllerTest.php" line="55" assertions="1" time="0.042086"/>
        <testcase name="testDestroyForFailure" class="App\Tests\Integration\JsonApi\ContentControllerTest" classname="App.Tests.Integration.JsonApi.ContentControllerTest" file="/var/www/tests/Integration/JsonApi/ContentControllerTest.php" line="63" assertions="1" time="0.034943"/>
      </testsuite>
      <testsuite name="App\Tests\Integration\JsonApi\SetsControllerTest" file="/var/www/tests/Integration/JsonApi/SetsControllerTest.php" tests="2" assertions="7" errors="0" warnings="0" failures="0" skipped="0" time="0.946335">
        <testcase name="testIndexForFailure" class="App\Tests\Integration\JsonApi\SetsControllerTest" classname="App.Tests.Integration.JsonApi.SetsControllerTest" file="/var/www/tests/Integration/JsonApi/SetsControllerTest.php" line="26" assertions="3" time="0.629693"/>
        <testcase name="testIndexForSuccess" class="App\Tests\Integration\JsonApi\SetsControllerTest" classname="App.Tests.Integration.JsonApi.SetsControllerTest" file="/var/www/tests/Integration/JsonApi/SetsControllerTest.php" line="37" assertions="4" time="0.316643"/>
      </testsuite>
      <testsuite name="App\Tests\Integration\JsonApi\SkillsControllerTest" file="/var/www/tests/Integration/JsonApi/SkillsControllerTest.php" tests="2" assertions="7" errors="0" warnings="0" failures="0" skipped="0" time="1.478191">
        <testcase name="testIndexForFailure" class="App\Tests\Integration\JsonApi\SkillsControllerTest" classname="App.Tests.Integration.JsonApi.SkillsControllerTest" file="/var/www/tests/Integration/JsonApi/SkillsControllerTest.php" line="26" assertions="3" time="0.943007"/>
        <testcase name="testIndexForSuccess" class="App\Tests\Integration\JsonApi\SkillsControllerTest" classname="App.Tests.Integration.JsonApi.SkillsControllerTest" file="/var/www/tests/Integration/JsonApi/SkillsControllerTest.php" line="37" assertions="4" time="0.535184"/>
      </testsuite>
      <testsuite name="App\Tests\Integration\JsonApi\TeamsCharactersControllerTest" file="/var/www/tests/Integration/JsonApi/TeamsCharactersControllerTest.php" tests="11" assertions="121" errors="0" warnings="0" failures="0" skipped="0" time="4.322163">
        <testcase name="testIndexForFailure" class="App\Tests\Integration\JsonApi\TeamsCharactersControllerTest" classname="App.Tests.Integration.JsonApi.TeamsCharactersControllerTest" file="/var/www/tests/Integration/JsonApi/TeamsCharactersControllerTest.php" line="36" assertions="3" time="2.781731"/>
        <testcase name="testIndexForEmpty" class="App\Tests\Integration\JsonApi\TeamsCharactersControllerTest" classname="App.Tests.Integration.JsonApi.TeamsCharactersControllerTest" file="/var/www/tests/Integration/JsonApi/TeamsCharactersControllerTest.php" line="55" assertions="2" time="0.074765"/>
        <testcase name="testStoreForFailure" class="App\Tests\Integration\JsonApi\TeamsCharactersControllerTest" classname="App.Tests.Integration.JsonApi.TeamsCharactersControllerTest" file="/var/www/tests/Integration/JsonApi/TeamsCharactersControllerTest.php" line="65" assertions="22" time="0.120306"/>
        <testcase name="testStoreForSuccess" class="App\Tests\Integration\JsonApi\TeamsCharactersControllerTest" classname="App.Tests.Integration.JsonApi.TeamsCharactersControllerTest" file="/var/www/tests/Integration/JsonApi/TeamsCharactersControllerTest.php" line="146" assertions="19" time="0.365686"/>
        <testcase name="testUpdateForFailure" class="App\Tests\Integration\JsonApi\TeamsCharactersControllerTest" classname="App.Tests.Integration.JsonApi.TeamsCharactersControllerTest" file="/var/www/tests/Integration/JsonApi/TeamsCharactersControllerTest.php" line="199" assertions="20" time="0.141202"/>
        <testcase name="testUpdateForSuccess" class="App\Tests\Integration\JsonApi\TeamsCharactersControllerTest" classname="App.Tests.Integration.JsonApi.TeamsCharactersControllerTest" file="/var/www/tests/Integration/JsonApi/TeamsCharactersControllerTest.php" line="276" assertions="24" time="0.154026"/>
        <testcase name="testShowForFailure" class="App\Tests\Integration\JsonApi\TeamsCharactersControllerTest" classname="App.Tests.Integration.JsonApi.TeamsCharactersControllerTest" file="/var/www/tests/Integration/JsonApi/TeamsCharactersControllerTest.php" line="313" assertions="4" time="0.123319"/>
        <testcase name="testShowForSuccess" class="App\Tests\Integration\JsonApi\TeamsCharactersControllerTest" classname="App.Tests.Integration.JsonApi.TeamsCharactersControllerTest" file="/var/www/tests/Integration/JsonApi/TeamsCharactersControllerTest.php" line="332" assertions="4" time="0.114874"/>
        <testcase name="testIndexForNonEmpty" class="App\Tests\Integration\JsonApi\TeamsCharactersControllerTest" classname="App.Tests.Integration.JsonApi.TeamsCharactersControllerTest" file="/var/www/tests/Integration/JsonApi/TeamsCharactersControllerTest.php" line="350" assertions="2" time="0.117634"/>
        <testcase name="testDestroyForFailure" class="App\Tests\Integration\JsonApi\TeamsCharactersControllerTest" classname="App.Tests.Integration.JsonApi.TeamsCharactersControllerTest" file="/var/www/tests/Integration/JsonApi/TeamsCharactersControllerTest.php" line="360" assertions="9" time="0.127558"/>
        <testcase name="testDestroyForSuccess" class="App\Tests\Integration\JsonApi\TeamsCharactersControllerTest" classname="App.Tests.Integration.JsonApi.TeamsCharactersControllerTest" file="/var/www/tests/Integration/JsonApi/TeamsCharactersControllerTest.php" line="398" assertions="12" time="0.201062"/>
      </testsuite>
      <testsuite name="App\Tests\Integration\JsonApi\TeamsControllerTest" file="/var/www/tests/Integration/JsonApi/TeamsControllerTest.php" tests="8" assertions="62" errors="0" warnings="0" failures="0" skipped="0" time="8.905229">
        <testcase name="testStoreForFailure" class="App\Tests\Integration\JsonApi\TeamsControllerTest" classname="App.Tests.Integration.JsonApi.TeamsControllerTest" file="/var/www/tests/Integration/JsonApi/TeamsControllerTest.php" line="31" assertions="20" time="4.561353"/>
        <testcase name="testStoreForSuccess" class="App\Tests\Integration\JsonApi\TeamsControllerTest" classname="App.Tests.Integration.JsonApi.TeamsControllerTest" file="/var/www/tests/Integration/JsonApi/TeamsControllerTest.php" line="109" assertions="4" time="0.692086"/>
        <testcase name="testShowForFailure" class="App\Tests\Integration\JsonApi\TeamsControllerTest" classname="App.Tests.Integration.JsonApi.TeamsControllerTest" file="/var/www/tests/Integration/JsonApi/TeamsControllerTest.php" line="130" assertions="2" time="0.041180"/>
        <testcase name="testShowForSuccess" class="App\Tests\Integration\JsonApi\TeamsControllerTest" classname="App.Tests.Integration.JsonApi.TeamsControllerTest" file="/var/www/tests/Integration/JsonApi/TeamsControllerTest.php" line="147" assertions="1" time="0.103411"/>
        <testcase name="testUpdateForFailure" class="App\Tests\Integration\JsonApi\TeamsControllerTest" classname="App.Tests.Integration.JsonApi.TeamsControllerTest" file="/var/www/tests/Integration/JsonApi/TeamsControllerTest.php" line="156" assertions="20" time="2.162060"/>
        <testcase name="testUpdateForSuccess" class="App\Tests\Integration\JsonApi\TeamsControllerTest" classname="App.Tests.Integration.JsonApi.TeamsControllerTest" file="/var/www/tests/Integration/JsonApi/TeamsControllerTest.php" line="246" assertions="9" time="1.128028"/>
        <testcase name="testDestroyForFailure" class="App\Tests\Integration\JsonApi\TeamsControllerTest" classname="App.Tests.Integration.JsonApi.TeamsControllerTest" file="/var/www/tests/Integration/JsonApi/TeamsControllerTest.php" line="287" assertions="3" time="0.115653"/>
        <testcase name="testDestroyForSuccess" class="App\Tests\Integration\JsonApi\TeamsControllerTest" classname="App.Tests.Integration.JsonApi.TeamsControllerTest" file="/var/www/tests/Integration/JsonApi/TeamsControllerTest.php" line="312" assertions="3" time="0.101458"/>
      </testsuite>
      <testsuite name="App\Tests\Integration\Services\DiscordApiTest" file="/var/www/tests/Integration/Services/DiscordApiTest.php" tests="7" assertions="31" errors="0" warnings="0" failures="0" skipped="0" time="3.588155">
        <testcase name="testCreateMessageInChannel" class="App\Tests\Integration\Services\DiscordApiTest" classname="App.Tests.Integration.Services.DiscordApiTest" file="/var/www/tests/Integration/Services/DiscordApiTest.php" line="24" assertions="6" time="1.054910"/>
        <testcase name="testReactToMessageInChannel" class="App\Tests\Integration\Services\DiscordApiTest" classname="App.Tests.Integration.Services.DiscordApiTest" file="/var/www/tests/Integration/Services/DiscordApiTest.php" line="59" assertions="2" time="0.298697"/>
        <testcase name="testDeleteMessageInChannel" class="App\Tests\Integration\Services\DiscordApiTest" classname="App.Tests.Integration.Services.DiscordApiTest" file="/var/www/tests/Integration/Services/DiscordApiTest.php" line="74" assertions="8" time="0.921877"/>
        <testcase name="testGetGuildMember" class="App\Tests\Integration\Services\DiscordApiTest" classname="App.Tests.Integration.Services.DiscordApiTest" file="/var/www/tests/Integration/Services/DiscordApiTest.php" line="94" assertions="5" time="0.305100"/>
        <testcase name="testModifyGuildMember" class="App\Tests\Integration\Services\DiscordApiTest" classname="App.Tests.Integration.Services.DiscordApiTest" file="/var/www/tests/Integration/Services/DiscordApiTest.php" line="113" assertions="1" time="0.401249"/>
        <testcase name="testCreateDmChannel" class="App\Tests\Integration\Services\DiscordApiTest" classname="App.Tests.Integration.Services.DiscordApiTest" file="/var/www/tests/Integration/Services/DiscordApiTest.php" line="126" assertions="4" time="0.307444"/>
        <testcase name="testGetGuildRoles" class="App\Tests\Integration\Services\DiscordApiTest" classname="App.Tests.Integration.Services.DiscordApiTest" file="/var/www/tests/Integration/Services/DiscordApiTest.php" line="136" assertions="5" time="0.298878"/>
      </testsuite>
      <testsuite name="App\Tests\Integration\Services\IpsApiTest" file="/var/www/tests/Integration/Services/IpsApiTest.php" tests="1" assertions="2" errors="0" warnings="0" failures="0" skipped="0" time="5.982350">
        <testcase name="testGetCalendarEvents" class="App\Tests\Integration\Services\IpsApiTest" classname="App.Tests.Integration.Services.IpsApiTest" file="/var/www/tests/Integration/Services/IpsApiTest.php" line="21" assertions="2" time="5.982350"/>
      </testsuite>
    </testsuite>
  </testsuite>
</testsuites>
